<?xml version="1.0" encoding="UTF-8"?>
<testsuite name="ru.stqa.pft.addressbook.tests.ContactDeletionTests" tests="1" skipped="0" failures="0" errors="0" timestamp="2018-05-10T20:12:50" hostname="sadsido-Aspire-5738" time="4.562">
  <properties/>
  <testcase name="testContactDelition" classname="ru.stqa.pft.addressbook.tests.ContactDeletionTests" time="4.562"/>
  <system-out><![CDATA[]]></system-out>
  <system-err><![CDATA[]]></system-err>
</testsuite>
